0 info it worked if it ends with ok
1 verbose cli [ '/Users/asrobson/.nvm/v0.10.10/bin/node',
1 verbose cli   '/Users/asrobson/.nvm/v0.10.10/bin/npm',
1 verbose cli   'publish' ]
2 info using npm@1.2.25
3 info using node@v0.10.10
4 verbose publish [ '.' ]
5 verbose read json /git/js/anvil/anvil.identify/package.json
6 verbose cache add [ '.', null ]
7 verbose cache add name=undefined spec="." args=[".",null]
8 verbose parsed url { protocol: null,
8 verbose parsed url   slashes: null,
8 verbose parsed url   auth: null,
8 verbose parsed url   host: null,
8 verbose parsed url   port: null,
8 verbose parsed url   hostname: null,
8 verbose parsed url   hash: null,
8 verbose parsed url   search: null,
8 verbose parsed url   query: null,
8 verbose parsed url   pathname: '.',
8 verbose parsed url   path: '.',
8 verbose parsed url   href: '.' }
9 silly lockFile 3a52ce78- .
10 verbose lock . /Users/asrobson/.npm/3a52ce78-.lock
11 verbose read json package.json
12 verbose tar pack [ '/var/folders/t5/fdftc6191qg_pzdx6pwggg500000gn/T/npm-552/1373088535923-0.6260113164316863/tmp.tgz',
12 verbose tar pack   '.' ]
13 verbose tarball /var/folders/t5/fdftc6191qg_pzdx6pwggg500000gn/T/npm-552/1373088535923-0.6260113164316863/tmp.tgz
14 verbose folder .
15 info prepublish anvil.identify@0.1.4
16 silly lockFile 3a52ce78- .
17 verbose lock . /Users/asrobson/.npm/3a52ce78-.lock
18 silly lockFile b961f1a0-35923-0-6260113164316863-tmp-tgz /var/folders/t5/fdftc6191qg_pzdx6pwggg500000gn/T/npm-552/1373088535923-0.6260113164316863/tmp.tgz
19 verbose lock /var/folders/t5/fdftc6191qg_pzdx6pwggg500000gn/T/npm-552/1373088535923-0.6260113164316863/tmp.tgz /Users/asrobson/.npm/b961f1a0-35923-0-6260113164316863-tmp-tgz.lock
20 silly lockFile 3a52ce78- .
21 silly lockFile 3a52ce78- .
22 silly lockFile b961f1a0-35923-0-6260113164316863-tmp-tgz /var/folders/t5/fdftc6191qg_pzdx6pwggg500000gn/T/npm-552/1373088535923-0.6260113164316863/tmp.tgz
23 silly lockFile b961f1a0-35923-0-6260113164316863-tmp-tgz /var/folders/t5/fdftc6191qg_pzdx6pwggg500000gn/T/npm-552/1373088535923-0.6260113164316863/tmp.tgz
24 verbose tar unpack /var/folders/t5/fdftc6191qg_pzdx6pwggg500000gn/T/npm-552/1373088535923-0.6260113164316863/tmp.tgz
25 silly lockFile 0a6c4d3a-35923-0-6260113164316863-package /var/folders/t5/fdftc6191qg_pzdx6pwggg500000gn/T/npm-552/1373088535923-0.6260113164316863/package
26 verbose lock /var/folders/t5/fdftc6191qg_pzdx6pwggg500000gn/T/npm-552/1373088535923-0.6260113164316863/package /Users/asrobson/.npm/0a6c4d3a-35923-0-6260113164316863-package.lock
27 silly lockFile b961f1a0-35923-0-6260113164316863-tmp-tgz /var/folders/t5/fdftc6191qg_pzdx6pwggg500000gn/T/npm-552/1373088535923-0.6260113164316863/tmp.tgz
28 verbose lock /var/folders/t5/fdftc6191qg_pzdx6pwggg500000gn/T/npm-552/1373088535923-0.6260113164316863/tmp.tgz /Users/asrobson/.npm/b961f1a0-35923-0-6260113164316863-tmp-tgz.lock
29 silly gunzTarPerm modes [ '755', '644' ]
30 silly gunzTarPerm extractEntry package.json
31 silly gunzTarPerm modified mode [ 'package.json', 448, 484 ]
32 silly gunzTarPerm extractEntry .npmignore
33 silly gunzTarPerm modified mode [ '.npmignore', 448, 484 ]
34 silly gunzTarPerm extractEntry README.md
35 silly gunzTarPerm modified mode [ 'README.md', 448, 484 ]
36 silly gunzTarPerm extractEntry LICENSE-GPL
37 silly gunzTarPerm modified mode [ 'LICENSE-GPL', 448, 484 ]
38 silly gunzTarPerm extractEntry LICENSE-MIT
39 silly gunzTarPerm modified mode [ 'LICENSE-MIT', 448, 484 ]
40 silly gunzTarPerm extractEntry lib/identify.js
41 silly gunzTarPerm modified mode [ 'lib/identify.js', 448, 484 ]
42 verbose read json /var/folders/t5/fdftc6191qg_pzdx6pwggg500000gn/T/npm-552/1373088535923-0.6260113164316863/package/package.json
43 silly lockFile 0a6c4d3a-35923-0-6260113164316863-package /var/folders/t5/fdftc6191qg_pzdx6pwggg500000gn/T/npm-552/1373088535923-0.6260113164316863/package
44 silly lockFile 0a6c4d3a-35923-0-6260113164316863-package /var/folders/t5/fdftc6191qg_pzdx6pwggg500000gn/T/npm-552/1373088535923-0.6260113164316863/package
45 silly lockFile b961f1a0-35923-0-6260113164316863-tmp-tgz /var/folders/t5/fdftc6191qg_pzdx6pwggg500000gn/T/npm-552/1373088535923-0.6260113164316863/tmp.tgz
46 silly lockFile b961f1a0-35923-0-6260113164316863-tmp-tgz /var/folders/t5/fdftc6191qg_pzdx6pwggg500000gn/T/npm-552/1373088535923-0.6260113164316863/tmp.tgz
47 verbose from cache /var/folders/t5/fdftc6191qg_pzdx6pwggg500000gn/T/npm-552/1373088535923-0.6260113164316863/package/package.json
48 verbose tar pack [ '/Users/asrobson/.npm/anvil.identify/0.1.4/package.tgz',
48 verbose tar pack   '/var/folders/t5/fdftc6191qg_pzdx6pwggg500000gn/T/npm-552/1373088535923-0.6260113164316863/package' ]
49 verbose tarball /Users/asrobson/.npm/anvil.identify/0.1.4/package.tgz
50 verbose folder /var/folders/t5/fdftc6191qg_pzdx6pwggg500000gn/T/npm-552/1373088535923-0.6260113164316863/package
51 silly lockFile 0a6c4d3a-35923-0-6260113164316863-package /var/folders/t5/fdftc6191qg_pzdx6pwggg500000gn/T/npm-552/1373088535923-0.6260113164316863/package
52 verbose lock /var/folders/t5/fdftc6191qg_pzdx6pwggg500000gn/T/npm-552/1373088535923-0.6260113164316863/package /Users/asrobson/.npm/0a6c4d3a-35923-0-6260113164316863-package.lock
53 silly lockFile 09ec6f3f-anvil-identify-0-1-4-package-tgz /Users/asrobson/.npm/anvil.identify/0.1.4/package.tgz
54 verbose lock /Users/asrobson/.npm/anvil.identify/0.1.4/package.tgz /Users/asrobson/.npm/09ec6f3f-anvil-identify-0-1-4-package-tgz.lock
55 silly lockFile 0a6c4d3a-35923-0-6260113164316863-package /var/folders/t5/fdftc6191qg_pzdx6pwggg500000gn/T/npm-552/1373088535923-0.6260113164316863/package
56 silly lockFile 0a6c4d3a-35923-0-6260113164316863-package /var/folders/t5/fdftc6191qg_pzdx6pwggg500000gn/T/npm-552/1373088535923-0.6260113164316863/package
57 silly lockFile 09ec6f3f-anvil-identify-0-1-4-package-tgz /Users/asrobson/.npm/anvil.identify/0.1.4/package.tgz
58 silly lockFile 09ec6f3f-anvil-identify-0-1-4-package-tgz /Users/asrobson/.npm/anvil.identify/0.1.4/package.tgz
59 silly lockFile bbf7bdd9-npm-anvil-identify-0-1-4-package /Users/asrobson/.npm/anvil.identify/0.1.4/package
60 verbose lock /Users/asrobson/.npm/anvil.identify/0.1.4/package /Users/asrobson/.npm/bbf7bdd9-npm-anvil-identify-0-1-4-package.lock
61 silly lockFile bbf7bdd9-npm-anvil-identify-0-1-4-package /Users/asrobson/.npm/anvil.identify/0.1.4/package
62 silly lockFile bbf7bdd9-npm-anvil-identify-0-1-4-package /Users/asrobson/.npm/anvil.identify/0.1.4/package
63 verbose tar unpack /Users/asrobson/.npm/anvil.identify/0.1.4/package.tgz
64 silly lockFile bbf7bdd9-npm-anvil-identify-0-1-4-package /Users/asrobson/.npm/anvil.identify/0.1.4/package
65 verbose lock /Users/asrobson/.npm/anvil.identify/0.1.4/package /Users/asrobson/.npm/bbf7bdd9-npm-anvil-identify-0-1-4-package.lock
66 silly lockFile 09ec6f3f-anvil-identify-0-1-4-package-tgz /Users/asrobson/.npm/anvil.identify/0.1.4/package.tgz
67 verbose lock /Users/asrobson/.npm/anvil.identify/0.1.4/package.tgz /Users/asrobson/.npm/09ec6f3f-anvil-identify-0-1-4-package-tgz.lock
68 silly gunzTarPerm modes [ '755', '644' ]
69 silly gunzTarPerm extractEntry package.json
70 silly gunzTarPerm extractEntry .npmignore
71 silly gunzTarPerm extractEntry README.md
72 silly gunzTarPerm extractEntry LICENSE-GPL
73 silly gunzTarPerm extractEntry LICENSE-MIT
74 silly gunzTarPerm extractEntry lib/identify.js
75 verbose read json /Users/asrobson/.npm/anvil.identify/0.1.4/package/package.json
76 silly lockFile bbf7bdd9-npm-anvil-identify-0-1-4-package /Users/asrobson/.npm/anvil.identify/0.1.4/package
77 silly lockFile bbf7bdd9-npm-anvil-identify-0-1-4-package /Users/asrobson/.npm/anvil.identify/0.1.4/package
78 silly lockFile 09ec6f3f-anvil-identify-0-1-4-package-tgz /Users/asrobson/.npm/anvil.identify/0.1.4/package.tgz
79 silly lockFile 09ec6f3f-anvil-identify-0-1-4-package-tgz /Users/asrobson/.npm/anvil.identify/0.1.4/package.tgz
80 verbose from cache /Users/asrobson/.npm/anvil.identify/0.1.4/package/package.json
81 verbose chmod /Users/asrobson/.npm/anvil.identify/0.1.4/package.tgz 644
82 verbose chown /Users/asrobson/.npm/anvil.identify/0.1.4/package.tgz [ 501, 20 ]
83 silly lockFile 3a52ce78- .
84 silly publish { author:
84 silly publish    { name: 'Alex Robson',
84 silly publish      email: 'alex@sharplearningcurve.com',
84 silly publish      url: 'http://sharplearningcurve.com' },
84 silly publish   name: 'anvil.identify',
84 silly publish   description: 'A core anvil extension that identifies files for the build',
84 silly publish   version: '0.1.4',
84 silly publish   repository:
84 silly publish    { type: 'git',
84 silly publish      url: 'git://github.com/arobson/anvil.identify.git' },
84 silly publish   engines: { node: '~0.8.3' },
84 silly publish   main: './lib/identify.js',
84 silly publish   dependencies: { machina: '0.2.0' },
84 silly publish   devDependencies: { 'anvil.js': '>=0.8.5', should: '~1.1' },
84 silly publish   optionalDependencies: {},
84 silly publish   keywords: [ 'anvil', 'core' ],
84 silly publish   readme: '## Anvil Identify Extension\n\nThis extension is a core component of anvil and is required to function as expected.\n\n## Installation\n\nanvil will install this extension during post-install.\n\n## Configuration\n\nBy default, the configuration block for this extension would look like:\n\n```javascript\n{\n\t"anvil.identify": {\n\t\t"continuous": false,\n\t\t"watchPaths": [\n\t\t],\n\t\t"specs": [ "**/*.js" ],\n\t\t"ignore": [\n\t\t\t"**/*.sw?",\n\t\t\t"**/.*~",\n\t\t\t"**/#.*#",\n\t\t\t"**/.DS_Store"\n\t\t]\n\t}\n}\n```\n\n### Continuous\nThis variable gets set from the --ci command line argument but can also be configured directly by setting this property to true in a configuration block in the build.json file.\n\n### WatchPaths\nThis array is populated programatically but can also be manipulated so that anvil will re-trigger builds when a file within any path of the array is changed.\n\n### Specs\nThis array is used to provide an exclusive regular expression filter for which files should be included in the anvil.project.specs list. This list is used by other anvil test runner extensions (anvil.mocha) so that the extension knows which files specifications are contained in.\n\n### Ignore List\nThis array is used to filter out files matching any glob pattern from the anvil.project.files or anvil.project.specs collections which are used by other extensions to identify files that are part of the build.',
84 silly publish   readmeFilename: 'README.md',
84 silly publish   bugs: { url: 'https://github.com/arobson/anvil.identify/issues' },
84 silly publish   _id: 'anvil.identify@0.1.4',
84 silly publish   dist: { shasum: '813a353d041994ae1ae29996c6c3ace27b1db24f' },
84 silly publish   _from: '.' }
85 verbose url raw anvil.identify
86 verbose url resolving [ 'https://registry.npmjs.org/', './anvil.identify' ]
87 verbose url resolved https://registry.npmjs.org/anvil.identify
88 info trying registry request attempt 1 at 00:29:55
89 http PUT https://registry.npmjs.org/anvil.identify
90 http 409 https://registry.npmjs.org/anvil.identify
91 verbose url raw anvil.identify
92 verbose url resolving [ 'https://registry.npmjs.org/', './anvil.identify' ]
93 verbose url resolved https://registry.npmjs.org/anvil.identify
94 info trying registry request attempt 1 at 00:29:56
95 http GET https://registry.npmjs.org/anvil.identify
96 http 200 https://registry.npmjs.org/anvil.identify
97 error publish fail Cannot publish over existing version.
97 error publish fail Update the 'version' field in package.json and try again.
97 error publish fail
97 error publish fail If the previous version was published in error, see:
97 error publish fail     npm help unpublish
97 error publish fail
97 error publish fail To automatically increment version numbers, see:
97 error publish fail     npm help version
98 error System Darwin 12.4.0
99 error command "/Users/asrobson/.nvm/v0.10.10/bin/node" "/Users/asrobson/.nvm/v0.10.10/bin/npm" "publish"
100 error cwd /git/js/anvil/anvil.identify
101 error node -v v0.10.10
102 error npm -v 1.2.25
103 error code EPUBLISHCONFLICT
104 verbose exit [ 1, true ]
